<?xml version="1.0" encoding="UTF-8"?>
<testsuite xmlns:xsi="http://www.w3.org/2001/XMLSchema-instance" xsi:noNamespaceSchemaLocation="https://maven.apache.org/surefire/maven-surefire-plugin/xsd/surefire-test-report.xsd" name="examples.ExamplesTest" time="4.897" tests="1" errors="0" skipped="0" failures="1">
  <properties>
[...]
</properties>
  <testcase name="testParallel" classname="examples.ExamplesTest" time="4.881">
    <failure message="status code was: 404, expected: 200, response time in milliseconds: 719, url: https://jsonplaceholder.typicode.com/users, response: &#10;&lt;!DOCTYPE html&gt;&#10;&lt;html&gt;&#10;&lt;head&gt;&#10;&lt;meta name=&quot;viewport&quot; content=&quot;width=device-width, initial-scale=1&quot;&gt;&#10;&lt;meta charset=&quot;utf-8&quot;&gt;&#10;&lt;title&gt;No such app&lt;/title&gt;&#10;&lt;style media=&quot;screen&quot;&gt;&#10;		  html,body,iframe {&#10;			margin: 0;&#10;			padding: 0;&#10;		  }&#10;		  html,body {&#10;			height: 100%;&#10;			overflow: hidden;&#10;		  }&#10;		  iframe {&#10;			width: 100%;&#10;			height: 100%;&#10;			border: 0;&#10;		  }&#10;		&lt;/style&gt;&#10;&lt;/head&gt;&#10;&lt;body&gt;&#10;&lt;iframe src=&quot;//www.herokucdn.com/error-pages/no-such-app.html&quot;&gt;&lt;/iframe&gt;&#10;&lt;/body&gt;&#10;&lt;/html&gt;&#10;classpath:examples/users/users.feature:10 ==&gt; expected: &lt;0&gt; but was: &lt;1&gt;" type="org.opentest4j.AssertionFailedError"><![CDATA[org.opentest4j.AssertionFailedError: 
status code was: 404, expected: 200, response time in milliseconds: 719, url: https://jsonplaceholder.typicode.com/users, response: 
<!DOCTYPE html>
<html>
<head>
<meta name="viewport" content="width=device-width, initial-scale=1">
<meta charset="utf-8">
<title>No such app</title>
<style media="screen">
		  html,body,iframe {
			margin: 0;
			padding: 0;
		  }
		  html,body {
			height: 100%;
			overflow: hidden;
		  }
		  iframe {
			width: 100%;
			height: 100%;
			border: 0;
		  }
		</style>
</head>
<body>
<iframe src="//www.herokucdn.com/error-pages/no-such-app.html"></iframe>
</body>
</html>
classpath:examples/users/users.feature:10 ==> expected: <0> but was: <1>
	at examples.ExamplesTest.testParallel(ExamplesTest.java:16)
]]></failure>
    <system-out><![CDATA[13:09:39.648 [main] DEBUG com.intuit.karate.Suite - [config] classpath:karate-config.js
13:09:39.656 [main] INFO  com.intuit.karate.Suite - backed up existing 'target\karate-reports' dir to: target\karate-reports_1619165379648
13:09:40.680 [pool-1-thread-1] INFO  com.intuit.karate - karate.env system property was: null 
13:09:41.160 [pool-1-thread-1] DEBUG com.intuit.karate - request:
1 > GET https://jsonplaceholder.typicode.com/users
1 > Host: jsonplaceholder.typicode.com
1 > Connection: Keep-Alive
1 > User-Agent: Apache-HttpClient/4.5.13 (Java/15.0.2)
1 > Accept-Encoding: gzip,deflate


13:09:41.903 [pool-1-thread-1] DEBUG com.intuit.karate - response time in milliseconds: 719
1 < 404
1 < Date: Fri, 23 Apr 2021 08:09:41 GMT
1 < Content-Type: text/html; charset=utf-8
1 < Transfer-Encoding: chunked
1 < Connection: keep-alive
1 < Cache-Control: max-age=43200
1 < CF-Cache-Status: HIT
1 < Age: 16869
1 < cf-request-id: 099f601cfd0000c37c36951000000001
1 < Expect-CT: max-age=604800, report-uri="https://report-uri.cloudflare.com/cdn-cgi/beacon/expect-ct"
1 < Report-To: {"group":"cf-nel","max_age":604800,"endpoints":[{"url":"https:\/\/a.nel.cloudflare.com\/report?s=NynfdLgJQO0QZbMGPV7esVkGbOyZpEeyfxfaLstwcRUpbs4q8DNBnkKXXYatdM8SyZdte0CpehYix6QA%2BSlF0zCdabBPo9kkafnP8ugJAL36S9AXXijrv6NxUW1H"}]}
1 < NEL: {"report_to":"cf-nel","max_age":604800}
1 < Vary: Accept-Encoding
1 < Server: cloudflare
1 < CF-RAY: 64459c74ce50c37c-SIN
1 < alt-svc: h3-27=":443"; ma=86400, h3-28=":443"; ma=86400, h3-29=":443"; ma=86400
1 < Set-Cookie: __cfduid=d3d4182702a0f5b692acbfa0df448948f1619165381; Max-Age=1621757381000; Expires=Sat, 03 Oct 53412 09:33:01 GMT; Domain=typicode.com
<!DOCTYPE html>
<html>
<head>
<meta name="viewport" content="width=device-width, initial-scale=1">
<meta charset="utf-8">
<title>No such app</title>
<style media="screen">
		  html,body,iframe {
			margin: 0;
			padding: 0;
		  }
		  html,body {
			height: 100%;
			overflow: hidden;
		  }
		  iframe {
			width: 100%;
			height: 100%;
			border: 0;
		  }
		</style>
</head>
<body>
<iframe src="//www.herokucdn.com/error-pages/no-such-app.html"></iframe>
</body>
</html>
13:09:41.919 [pool-1-thread-1] ERROR com.intuit.karate - classpath:examples/users/users.feature:10
Then status 200
status code was: 404, expected: 200, response time in milliseconds: 719, url: https://jsonplaceholder.typicode.com/users, response: 
<!DOCTYPE html>
<html>
<head>
<meta name="viewport" content="width=device-width, initial-scale=1">
<meta charset="utf-8">
<title>No such app</title>
<style media="screen">
		  html,body,iframe {
			margin: 0;
			padding: 0;
		  }
		  html,body {
			height: 100%;
			overflow: hidden;
		  }
		  iframe {
			width: 100%;
			height: 100%;
			border: 0;
		  }
		</style>
</head>
<body>
<iframe src="//www.herokucdn.com/error-pages/no-such-app.html"></iframe>
</body>
</html>
classpath:examples/users/users.feature:10
---------------------------------------------------------
feature: classpath:examples/users/users.feature
scenarios:  1 | passed:  0 | failed:  1 | time: 1.1583
---------------------------------------------------------

13:09:42.892 [pool-2-thread-1] INFO  com.intuit.karate.Suite - <<fail>> feature 1 of 1 (0 remaining) classpath:examples/users/users.feature
Karate version: 1.0.1
======================================================
elapsed:   4.07 | threads:    5 | thread time: 1.16 
features:     1 | skipped:    0 | efficiency: 0.06
scenarios:    1 | passed:     0 | failed: 1
======================================================
>>> failed features:
status code was: 404, expected: 200, response time in milliseconds: 719, url: https://jsonplaceholder.typicode.com/users, response: 
<!DOCTYPE html>
<html>
<head>
<meta name="viewport" content="width=device-width, initial-scale=1">
<meta charset="utf-8">
<title>No such app</title>
<style media="screen">
		  html,body,iframe {
			margin: 0;
			padding: 0;
		  }
		  html,body {
			height: 100%;
			overflow: hidden;
		  }
		  iframe {
			width: 100%;
			height: 100%;
			border: 0;
		  }
		</style>
</head>
<body>
<iframe src="//www.herokucdn.com/error-pages/no-such-app.html"></iframe>
</body>
</html>
classpath:examples/users/users.feature:10
<<<

HTML report: (paste into browser to view) | Karate version: 1.0.1
file:///C:/Github_1/Aws/AWS%20CDK/karatetestproject/karate-archetype/target/karate-reports/karate-summary.html
===================================================================

]]></system-out>
  </testcase>
</testsuite>